[0m22:33:39.504236 [debug] [MainThread]: Sending event: {'category': 'dbt', 'action': 'invocation', 'label': 'start', 'context': [<snowplow_tracker.self_describing_json.SelfDescribingJson object at 0x113ee9010>, <snowplow_tracker.self_describing_json.SelfDescribingJson object at 0x11652b4d0>, <snowplow_tracker.self_describing_json.SelfDescribingJson object at 0x11652b750>]}


============================== 22:33:39.505840 | 8c5dddb8-59f1-4365-b6f7-7d3c03722a4a ==============================
[0m22:33:39.505840 [info ] [MainThread]: Running with dbt=1.12.0
[0m22:33:39.506069 [debug] [MainThread]: running dbt with arguments {'empty': 'None', 'log_format': 'default', 'send_anonymous_usage_stats': 'True', 'write_json': 'True', 'no_print': 'None', 'quiet': 'False', 'partial_parse': 'True', 'warn_error_options': 'WarnErrorOptionsV2(error=[], warn=[], silence=[])', 'fail_fast': 'False', 'maximum_seed_size_mib': '1', 'hints_enabled': 'True', 'static_parser': 'True', 'log_path': 'logs', 'warn_error': 'None', 'target_path': 'None', 'profiles_dir': '/Users/jasonyang/.dbt', 'invocation_command': 'dbt init demo_dbt', 'cache_selected_only': 'False', 'use_colors': 'True', 'introspect': 'True', 'use_experimental_parser': 'False', 'indirect_selection': 'eager', 'debug': 'False', 'log_cache_events': 'False', 'printer_width': '80', 'version_check': 'True'}
[0m22:33:39.512251 [debug] [MainThread]: Starter project path: /Users/jasonyang/dbt-env/lib/python3.13/site-packages/dbt/include/starter_project
[0m22:33:39.514350 [info ] [MainThread]: Setting up your profile.
[0m22:43:03.005780 [debug] [MainThread]: Sending event: {'category': 'dbt', 'action': 'invocation', 'label': 'start', 'context': [<snowplow_tracker.self_describing_json.SelfDescribingJson object at 0x1077e9010>, <snowplow_tracker.self_describing_json.SelfDescribingJson object at 0x11512b4d0>, <snowplow_tracker.self_describing_json.SelfDescribingJson object at 0x11512b750>]}


============================== 22:43:03.008385 | 17f55c28-2790-41a9-84a2-a2e713d52ef8 ==============================
[0m22:43:03.008385 [info ] [MainThread]: Running with dbt=1.12.0
[0m22:43:03.009009 [debug] [MainThread]: running dbt with arguments {'maximum_seed_size_mib': '1', 'version_check': 'True', 'cache_selected_only': 'False', 'no_print': 'None', 'log_path': 'logs', 'empty': 'None', 'invocation_command': 'dbt debug', 'log_cache_events': 'False', 'send_anonymous_usage_stats': 'True', 'fail_fast': 'False', 'indirect_selection': 'eager', 'use_experimental_parser': 'False', 'introspect': 'True', 'debug': 'False', 'write_json': 'True', 'partial_parse': 'True', 'quiet': 'False', 'printer_width': '80', 'warn_error': 'None', 'use_colors': 'True', 'hints_enabled': 'True', 'target_path': 'None', 'log_format': 'default', 'warn_error_options': 'WarnErrorOptionsV2(error=[], warn=[], silence=[])', 'static_parser': 'True', 'profiles_dir': '/Users/jasonyang/.dbt'}
[0m22:43:03.017479 [info ] [MainThread]: dbt version: 1.12.0
[0m22:43:03.017676 [info ] [MainThread]: python version: 3.13.9
[0m22:43:03.017775 [info ] [MainThread]: python path: /Users/jasonyang/dbt-env/bin/python3
[0m22:43:03.017858 [info ] [MainThread]: os info: macOS-26.5.2-arm64-arm-64bit-Mach-O
[0m22:43:03.396240 [info ] [MainThread]: Using profiles dir at /Users/jasonyang/.dbt
[0m22:43:03.396476 [info ] [MainThread]: Using profiles.yml file at /Users/jasonyang/.dbt/profiles.yml
[0m22:43:03.396585 [info ] [MainThread]: Using dbt_project.yml file at /Users/jasonyang/Library/Mobile Documents/com~apple~CloudDocs/GitHub/DBT/dbt_project.yml
[0m22:43:03.396673 [info ] [MainThread]: adapter type: bigquery
[0m22:43:03.396869 [info ] [MainThread]: adapter version: 1.12.0
[0m22:43:03.397053 [info ] [MainThread]: Configuration:
[0m22:43:03.397206 [info ] [MainThread]:   profiles.yml file [[32mOK found and valid[0m]
[0m22:43:03.397294 [info ] [MainThread]:   dbt_project.yml file [[31mERROR not found[0m]
[0m22:43:03.397368 [info ] [MainThread]: Required dependencies:
[0m22:43:03.397515 [debug] [MainThread]: Executing "git --help"
[0m22:43:03.411653 [debug] [MainThread]: STDOUT: "b"usage: git [-v | --version] [-h | --help] [-C <path>] [-c <name>=<value>]\n           [--exec-path[=<path>]] [--html-path] [--man-path] [--info-path]\n           [-p | --paginate | -P | --no-pager] [--no-replace-objects] [--no-lazy-fetch]\n           [--no-optional-locks] [--no-advice] [--bare] [--git-dir=<path>]\n           [--work-tree=<path>] [--namespace=<name>] [--config-env=<name>=<envvar>]\n           <command> [<args>]\n\nThese are common Git commands used in various situations:\n\nstart a working area (see also: git help tutorial)\n   clone      Clone a repository into a new directory\n   init       Create an empty Git repository or reinitialize an existing one\n\nwork on the current change (see also: git help everyday)\n   add        Add file contents to the index\n   mv         Move or rename a file, a directory, or a symlink\n   restore    Restore working tree files\n   rm         Remove files from the working tree and from the index\n\nexamine the history and state (see also: git help revisions)\n   bisect     Use binary search to find the commit that introduced a bug\n   diff       Show changes between commits, commit and working tree, etc\n   grep       Print lines matching a pattern\n   log        Show commit logs\n   show       Show various types of objects\n   status     Show the working tree status\n\ngrow, mark and tweak your common history\n   backfill   Download missing objects in a partial clone\n   branch     List, create, or delete branches\n   commit     Record changes to the repository\n   merge      Join two or more development histories together\n   rebase     Reapply commits on top of another base tip\n   reset      Reset current HEAD to the specified state\n   switch     Switch branches\n   tag        Create, list, delete or verify a tag object signed with GPG\n\ncollaborate (see also: git help workflows)\n   fetch      Download objects and refs from another repository\n   pull       Fetch from and integrate with another repository or a local branch\n   push       Update remote refs along with associated objects\n\n'git help -a' and 'git help -g' list available subcommands and some\nconcept guides. See 'git help <command>' or 'git help <concept>'\nto read about a specific subcommand or concept.\nSee 'git help git' for an overview of the system.\n""
[0m22:43:03.412201 [debug] [MainThread]: STDERR: "b''"
[0m22:43:03.412354 [info ] [MainThread]:  - git [[32mOK found[0m]

[0m22:43:03.412475 [info ] [MainThread]: Connection:
[0m22:43:03.412605 [info ] [MainThread]:   method: oauth
[0m22:43:03.412696 [info ] [MainThread]:   database: ieee-fraud-pipeline
[0m22:43:03.412769 [info ] [MainThread]:   execution_project: ieee-fraud-pipeline
[0m22:43:03.412859 [info ] [MainThread]:   schema: ieee_fraud_data
[0m22:43:03.412936 [info ] [MainThread]:   location: US
[0m22:43:03.413006 [info ] [MainThread]:   priority: interactive
[0m22:43:03.413082 [info ] [MainThread]:   maximum_bytes_billed: None
[0m22:43:03.413149 [info ] [MainThread]:   reservation: None
[0m22:43:03.413221 [info ] [MainThread]:   impersonate_service_account: None
[0m22:43:03.413290 [info ] [MainThread]:   job_retry_deadline_seconds: None
[0m22:43:03.413357 [info ] [MainThread]:   job_retries: 1
[0m22:43:03.413425 [info ] [MainThread]:   job_creation_timeout_seconds: None
[0m22:43:03.413490 [info ] [MainThread]:   job_execution_timeout_seconds: 300
[0m22:43:03.413558 [info ] [MainThread]:   job_link_info_level_log: False
[0m22:43:03.413673 [info ] [MainThread]:   timeout_seconds: 300
[0m22:43:03.413748 [info ] [MainThread]:   client_id: None
[0m22:43:03.413816 [info ] [MainThread]:   token_uri: None
[0m22:43:03.413920 [info ] [MainThread]:   compute_region: None
[0m22:43:03.413990 [info ] [MainThread]:   dataproc_cluster_name: None
[0m22:43:03.414057 [info ] [MainThread]:   gcs_bucket: None
[0m22:43:03.414256 [info ] [MainThread]:   dataproc_batch: None
[0m22:43:03.414592 [info ] [MainThread]: Registered adapter: bigquery=1.12.0
[0m22:43:03.471221 [debug] [MainThread]: Acquiring new bigquery connection 'debug'
[0m22:43:03.471589 [debug] [MainThread]: On debug: select 1 as id
[0m22:43:03.471792 [debug] [MainThread]: Opening a new connection, currently in state init
[0m22:43:04.950814 [debug] [MainThread]: BigQuery adapter: https://console.cloud.google.com/bigquery?project=ieee-fraud-pipeline&j=bq:US:7486471d-16e4-4fb5-906a-69918e152dc7&page=queryresults
[0m22:43:05.277593 [debug] [MainThread]: SQL status: OK in 0.326 seconds
[0m22:43:05.561319 [info ] [MainThread]:   Connection test: [[32mOK connection ok[0m]

[0m22:43:05.562151 [info ] [MainThread]: [31m1 check failed:[0m
[0m22:43:05.562472 [info ] [MainThread]: Project loading failed for the following reason:
 project path </Users/jasonyang/Library/Mobile Documents/com~apple~CloudDocs/GitHub/DBT/dbt_project.yml> not found

[0m22:43:05.574952 [debug] [MainThread]: Resource report: {"command_name": "debug", "command_success": false, "command_wall_clock_time": 2.6169221, "process_in_blocks": "0", "process_kernel_time": 0.214384, "process_mem_max_rss": "241270784", "process_out_blocks": "0", "process_user_time": 0.94562}
[0m22:43:05.575472 [debug] [MainThread]: Command `dbt debug` failed at 22:43:05.575386 after 2.62 seconds
[0m22:43:05.575774 [debug] [MainThread]: Connection 'debug' was properly closed.
[0m22:43:05.576036 [debug] [MainThread]: Sending event: {'category': 'dbt', 'action': 'invocation', 'label': 'end', 'context': [<snowplow_tracker.self_describing_json.SelfDescribingJson object at 0x1311415b0>, <snowplow_tracker.self_describing_json.SelfDescribingJson object at 0x131127bf0>, <snowplow_tracker.self_describing_json.SelfDescribingJson object at 0x131131370>]}
[0m22:43:05.576351 [debug] [MainThread]: Flushing usage events
[0m22:43:05.920524 [debug] [MainThread]: An error was encountered while trying to flush usage events
[0m22:44:00.964402 [debug] [MainThread]: Sending event: {'category': 'dbt', 'action': 'invocation', 'label': 'start', 'context': [<snowplow_tracker.self_describing_json.SelfDescribingJson object at 0x105c7d010>, <snowplow_tracker.self_describing_json.SelfDescribingJson object at 0x1071774d0>, <snowplow_tracker.self_describing_json.SelfDescribingJson object at 0x107177750>]}


============================== 22:44:00.966098 | 8ca6ec1d-2e7f-47f6-a5ef-eb1439f9fb31 ==============================
[0m22:44:00.966098 [info ] [MainThread]: Running with dbt=1.12.0
[0m22:44:00.966327 [debug] [MainThread]: running dbt with arguments {'write_json': 'True', 'warn_error': 'None', 'use_experimental_parser': 'False', 'empty': 'None', 'quiet': 'False', 'static_parser': 'True', 'printer_width': '80', 'target_path': 'None', 'use_colors': 'True', 'partial_parse': 'True', 'maximum_seed_size_mib': '1', 'log_format': 'default', 'indirect_selection': 'eager', 'warn_error_options': 'WarnErrorOptionsV2(error=[], warn=[], silence=[])', 'no_print': 'None', 'fail_fast': 'False', 'send_anonymous_usage_stats': 'True', 'invocation_command': 'dbt debug', 'version_check': 'True', 'debug': 'False', 'log_cache_events': 'False', 'profiles_dir': '/Users/jasonyang/.dbt', 'hints_enabled': 'True', 'log_path': 'logs', 'cache_selected_only': 'False', 'introspect': 'True'}
[0m22:44:00.969750 [info ] [MainThread]: dbt version: 1.12.0
[0m22:44:00.969871 [info ] [MainThread]: python version: 3.13.9
[0m22:44:00.969960 [info ] [MainThread]: python path: /Users/jasonyang/dbt-env/bin/python3
[0m22:44:00.970043 [info ] [MainThread]: os info: macOS-26.5.2-arm64-arm-64bit-Mach-O
[0m22:44:01.259995 [info ] [MainThread]: Using profiles dir at /Users/jasonyang/.dbt
[0m22:44:01.260193 [info ] [MainThread]: Using profiles.yml file at /Users/jasonyang/.dbt/profiles.yml
[0m22:44:01.260291 [info ] [MainThread]: Using dbt_project.yml file at /Users/jasonyang/Library/Mobile Documents/com~apple~CloudDocs/GitHub/DBT/dbt_project.yml
[0m22:44:01.260374 [info ] [MainThread]: adapter type: bigquery
[0m22:44:01.260449 [info ] [MainThread]: adapter version: 1.12.0
[0m22:44:01.260546 [info ] [MainThread]: Configuration:
[0m22:44:01.260616 [info ] [MainThread]:   profiles.yml file [[32mOK found and valid[0m]
[0m22:44:01.260693 [info ] [MainThread]:   dbt_project.yml file [[31mERROR not found[0m]
[0m22:44:01.260762 [info ] [MainThread]: Required dependencies:
[0m22:44:01.260865 [debug] [MainThread]: Executing "git --help"
[0m22:44:01.271736 [debug] [MainThread]: STDOUT: "b"usage: git [-v | --version] [-h | --help] [-C <path>] [-c <name>=<value>]\n           [--exec-path[=<path>]] [--html-path] [--man-path] [--info-path]\n           [-p | --paginate | -P | --no-pager] [--no-replace-objects] [--no-lazy-fetch]\n           [--no-optional-locks] [--no-advice] [--bare] [--git-dir=<path>]\n           [--work-tree=<path>] [--namespace=<name>] [--config-env=<name>=<envvar>]\n           <command> [<args>]\n\nThese are common Git commands used in various situations:\n\nstart a working area (see also: git help tutorial)\n   clone      Clone a repository into a new directory\n   init       Create an empty Git repository or reinitialize an existing one\n\nwork on the current change (see also: git help everyday)\n   add        Add file contents to the index\n   mv         Move or rename a file, a directory, or a symlink\n   restore    Restore working tree files\n   rm         Remove files from the working tree and from the index\n\nexamine the history and state (see also: git help revisions)\n   bisect     Use binary search to find the commit that introduced a bug\n   diff       Show changes between commits, commit and working tree, etc\n   grep       Print lines matching a pattern\n   log        Show commit logs\n   show       Show various types of objects\n   status     Show the working tree status\n\ngrow, mark and tweak your common history\n   backfill   Download missing objects in a partial clone\n   branch     List, create, or delete branches\n   commit     Record changes to the repository\n   merge      Join two or more development histories together\n   rebase     Reapply commits on top of another base tip\n   reset      Reset current HEAD to the specified state\n   switch     Switch branches\n   tag        Create, list, delete or verify a tag object signed with GPG\n\ncollaborate (see also: git help workflows)\n   fetch      Download objects and refs from another repository\n   pull       Fetch from and integrate with another repository or a local branch\n   push       Update remote refs along with associated objects\n\n'git help -a' and 'git help -g' list available subcommands and some\nconcept guides. See 'git help <command>' or 'git help <concept>'\nto read about a specific subcommand or concept.\nSee 'git help git' for an overview of the system.\n""
[0m22:44:01.272239 [debug] [MainThread]: STDERR: "b''"
[0m22:44:01.272370 [info ] [MainThread]:  - git [[32mOK found[0m]

[0m22:44:01.272483 [info ] [MainThread]: Connection:
[0m22:44:01.272614 [info ] [MainThread]:   method: oauth
[0m22:44:01.272696 [info ] [MainThread]:   database: ieee-fraud-pipeline
[0m22:44:01.272774 [info ] [MainThread]:   execution_project: ieee-fraud-pipeline
[0m22:44:01.272848 [info ] [MainThread]:   schema: ieee_fraud_data
[0m22:44:01.272925 [info ] [MainThread]:   location: US
[0m22:44:01.272995 [info ] [MainThread]:   priority: interactive
[0m22:44:01.273067 [info ] [MainThread]:   maximum_bytes_billed: None
[0m22:44:01.273135 [info ] [MainThread]:   reservation: None
[0m22:44:01.273208 [info ] [MainThread]:   impersonate_service_account: None
[0m22:44:01.273279 [info ] [MainThread]:   job_retry_deadline_seconds: None
[0m22:44:01.273344 [info ] [MainThread]:   job_retries: 1
[0m22:44:01.273411 [info ] [MainThread]:   job_creation_timeout_seconds: None
[0m22:44:01.273478 [info ] [MainThread]:   job_execution_timeout_seconds: 300
[0m22:44:01.273546 [info ] [MainThread]:   job_link_info_level_log: False
[0m22:44:01.273615 [info ] [MainThread]:   timeout_seconds: 300
[0m22:44:01.273687 [info ] [MainThread]:   client_id: None
[0m22:44:01.273755 [info ] [MainThread]:   token_uri: None
[0m22:44:01.273821 [info ] [MainThread]:   compute_region: None
[0m22:44:01.273900 [info ] [MainThread]:   dataproc_cluster_name: None
[0m22:44:01.273986 [info ] [MainThread]:   gcs_bucket: None
[0m22:44:01.274054 [info ] [MainThread]:   dataproc_batch: None
[0m22:44:01.274301 [info ] [MainThread]: Registered adapter: bigquery=1.12.0
[0m22:44:01.311276 [debug] [MainThread]: Acquiring new bigquery connection 'debug'
[0m22:44:01.311569 [debug] [MainThread]: On debug: select 1 as id
[0m22:44:01.311725 [debug] [MainThread]: Opening a new connection, currently in state init
[0m22:44:02.577893 [debug] [MainThread]: BigQuery adapter: https://console.cloud.google.com/bigquery?project=ieee-fraud-pipeline&j=bq:US:8ba06d84-d8da-4713-9d14-213a52238e19&page=queryresults
[0m22:44:02.876313 [debug] [MainThread]: SQL status: OK in 0.298 seconds
[0m22:44:03.176004 [info ] [MainThread]:   Connection test: [[32mOK connection ok[0m]

[0m22:44:03.176691 [info ] [MainThread]: [31m1 check failed:[0m
[0m22:44:03.177055 [info ] [MainThread]: Project loading failed for the following reason:
 project path </Users/jasonyang/Library/Mobile Documents/com~apple~CloudDocs/GitHub/DBT/dbt_project.yml> not found

[0m22:44:03.182719 [debug] [MainThread]: Resource report: {"command_name": "debug", "command_success": false, "command_wall_clock_time": 2.2470207, "process_in_blocks": "0", "process_kernel_time": 0.165485, "process_mem_max_rss": "238829568", "process_out_blocks": "0", "process_user_time": 0.770362}
[0m22:44:03.183378 [debug] [MainThread]: Command `dbt debug` failed at 22:44:03.183266 after 2.25 seconds
[0m22:44:03.183761 [debug] [MainThread]: Connection 'debug' was properly closed.
[0m22:44:03.183992 [debug] [MainThread]: Sending event: {'category': 'dbt', 'action': 'invocation', 'label': 'end', 'context': [<snowplow_tracker.self_describing_json.SelfDescribingJson object at 0x124e415b0>, <snowplow_tracker.self_describing_json.SelfDescribingJson object at 0x124e2bbf0>, <snowplow_tracker.self_describing_json.SelfDescribingJson object at 0x124e31370>]}
[0m22:44:03.184243 [debug] [MainThread]: Flushing usage events
[0m22:44:03.484588 [debug] [MainThread]: An error was encountered while trying to flush usage events
